<?xml version="1.0" encoding="UTF-8"?>
<testng-results skipped="0" failed="1" ignored="0" total="4" passed="3">
  <reporter-output>
  </reporter-output>
  <suite name="Suite" duration-ms="39101" started-at="2021-10-05T18:41:16 IST" finished-at="2021-10-05T18:41:56 IST">
    <groups>
    </groups>
    <test name="Validating Title" duration-ms="23789" started-at="2021-10-05T18:41:16 IST" finished-at="2021-10-05T18:41:40 IST">
      <class name="academy.ValidateTitle">
        <test-method status="PASS" signature="initialize()[pri:0, instance:academy.ValidateTitle@4d14b6c2]" name="initialize" is-config="true" duration-ms="22659" started-at="2021-10-05T18:41:16 IST" finished-at="2021-10-05T18:41:39 IST">
          <reporter-output>
          </reporter-output>
        </test-method> <!-- initialize -->
        <test-method status="FAIL" signature="basePageNavigation()[pri:0, instance:academy.ValidateTitle@4d14b6c2]" name="basePageNavigation" duration-ms="77" started-at="2021-10-05T18:41:39 IST" finished-at="2021-10-05T18:41:39 IST">
          <exception class="java.lang.AssertionError">
            <message>
              <![CDATA[expected [FEATURED COURSES1] but found [FEATURED COURSES]]]>
            </message>
            <full-stacktrace>
              <![CDATA[java.lang.AssertionError: expected [FEATURED COURSES1] but found [FEATURED COURSES]
at org.testng.Assert.fail(Assert.java:99)
at org.testng.Assert.failNotEquals(Assert.java:1037)
at org.testng.Assert.assertEqualsImpl(Assert.java:140)
at org.testng.Assert.assertEquals(Assert.java:122)
at org.testng.Assert.assertEquals(Assert.java:629)
at org.testng.Assert.assertEquals(Assert.java:639)
at academy.ValidateTitle.basePageNavigation(ValidateTitle.java:40)
at sun.reflect.NativeMethodAccessorImpl.invoke0(Native Method)
at sun.reflect.NativeMethodAccessorImpl.invoke(NativeMethodAccessorImpl.java:62)
at sun.reflect.DelegatingMethodAccessorImpl.invoke(DelegatingMethodAccessorImpl.java:43)
at java.lang.reflect.Method.invoke(Method.java:498)
at org.testng.internal.MethodInvocationHelper.invokeMethod(MethodInvocationHelper.java:133)
at org.testng.internal.TestInvoker.invokeMethod(TestInvoker.java:598)
at org.testng.internal.TestInvoker.invokeTestMethod(TestInvoker.java:173)
at org.testng.internal.MethodRunner.runInSequence(MethodRunner.java:46)
at org.testng.internal.TestInvoker$MethodInvocationAgent.invoke(TestInvoker.java:824)
at org.testng.internal.TestInvoker.invokeTestMethods(TestInvoker.java:146)
at org.testng.internal.TestMethodWorker.invokeTestMethods(TestMethodWorker.java:146)
at org.testng.internal.TestMethodWorker.run(TestMethodWorker.java:128)
at java.util.ArrayList.forEach(ArrayList.java:1257)
at org.testng.TestRunner.privateRun(TestRunner.java:794)
at org.testng.TestRunner.run(TestRunner.java:596)
at org.testng.SuiteRunner.runTest(SuiteRunner.java:377)
at org.testng.SuiteRunner.access$000(SuiteRunner.java:28)
at org.testng.SuiteRunner$SuiteWorker.run(SuiteRunner.java:418)
at org.testng.internal.thread.ThreadUtil.lambda$execute$0(ThreadUtil.java:64)
at java.util.concurrent.FutureTask.run(FutureTask.java:266)
at java.util.concurrent.ThreadPoolExecutor.runWorker(ThreadPoolExecutor.java:1149)
at java.util.concurrent.ThreadPoolExecutor$Worker.run(ThreadPoolExecutor.java:624)
at java.lang.Thread.run(Thread.java:748)
]]>
            </full-stacktrace>
          </exception> <!-- java.lang.AssertionError -->
          <reporter-output>
          </reporter-output>
        </test-method> <!-- basePageNavigation -->
        <test-method status="PASS" signature="tearDown()[pri:0, instance:academy.ValidateTitle@4d14b6c2]" name="tearDown" is-config="true" duration-ms="116" started-at="2021-10-05T18:41:40 IST" finished-at="2021-10-05T18:41:40 IST">
          <reporter-output>
          </reporter-output>
        </test-method> <!-- tearDown -->
      </class> <!-- academy.ValidateTitle -->
    </test> <!-- Validating Title -->
    <test name="Validating navigationbar" duration-ms="27839" started-at="2021-10-05T18:41:16 IST" finished-at="2021-10-05T18:41:44 IST">
      <class name="academy.ValidateNavigationBar">
        <test-method status="PASS" signature="initialize()[pri:0, instance:academy.ValidateNavigationBar@491b9b8]" name="initialize" is-config="true" duration-ms="27682" started-at="2021-10-05T18:41:16 IST" finished-at="2021-10-05T18:41:44 IST">
          <reporter-output>
          </reporter-output>
        </test-method> <!-- initialize -->
        <test-method status="PASS" signature="PageNavigationBar()[pri:0, instance:academy.ValidateNavigationBar@491b9b8]" name="PageNavigationBar" duration-ms="66" started-at="2021-10-05T18:41:44 IST" finished-at="2021-10-05T18:41:44 IST">
          <reporter-output>
          </reporter-output>
        </test-method> <!-- PageNavigationBar -->
        <test-method status="PASS" signature="tearDown()[pri:0, instance:academy.ValidateNavigationBar@491b9b8]" name="tearDown" is-config="true" duration-ms="84" started-at="2021-10-05T18:41:44 IST" finished-at="2021-10-05T18:41:44 IST">
          <reporter-output>
          </reporter-output>
        </test-method> <!-- tearDown -->
      </class> <!-- academy.ValidateNavigationBar -->
    </test> <!-- Validating navigationbar -->
    <test name="Homapage Testing" duration-ms="39101" started-at="2021-10-05T18:41:16 IST" finished-at="2021-10-05T18:41:56 IST">
      <class name="academy.HomePage">
        <test-method status="PASS" signature="initialize()[pri:0, instance:academy.HomePage@7fd50002]" name="initialize" is-config="true" duration-ms="28603" started-at="2021-10-05T18:41:17 IST" finished-at="2021-10-05T18:41:45 IST">
          <reporter-output>
          </reporter-output>
        </test-method> <!-- initialize -->
        <test-method status="PASS" signature="loginPage(java.lang.String,java.lang.String,java.lang.String)[pri:0, instance:academy.HomePage@7fd50002]" name="loginPage" duration-ms="1399" started-at="2021-10-05T18:41:45 IST" data-provider="getData" finished-at="2021-10-05T18:41:47 IST">
          <params>
            <param index="0">
              <value>
                <![CDATA[a.com]]>
              </value>
            </param>
            <param index="1">
              <value>
                <![CDATA[12345]]>
              </value>
            </param>
            <param index="2">
              <value>
                <![CDATA[Restricted User 1]]>
              </value>
            </param>
          </params>
          <reporter-output>
          </reporter-output>
        </test-method> <!-- loginPage -->
        <test-method status="PASS" signature="tearDown()[pri:0, instance:academy.HomePage@7fd50002]" name="tearDown" is-config="true" duration-ms="79" started-at="2021-10-05T18:41:47 IST" finished-at="2021-10-05T18:41:47 IST">
          <reporter-output>
          </reporter-output>
        </test-method> <!-- tearDown -->
        <test-method status="PASS" signature="initialize()[pri:0, instance:academy.HomePage@7fd50002]" name="initialize" is-config="true" duration-ms="7606" started-at="2021-10-05T18:41:47 IST" finished-at="2021-10-05T18:41:54 IST">
          <reporter-output>
          </reporter-output>
        </test-method> <!-- initialize -->
        <test-method status="PASS" signature="loginPage(java.lang.String,java.lang.String,java.lang.String)[pri:0, instance:academy.HomePage@7fd50002]" name="loginPage" duration-ms="1324" started-at="2021-10-05T18:41:54 IST" data-provider="getData" finished-at="2021-10-05T18:41:56 IST">
          <params>
            <param index="0">
              <value>
                <![CDATA[abc.com]]>
              </value>
            </param>
            <param index="1">
              <value>
                <![CDATA[12345234]]>
              </value>
            </param>
            <param index="2">
              <value>
                <![CDATA[Restricted User 2]]>
              </value>
            </param>
          </params>
          <reporter-output>
          </reporter-output>
        </test-method> <!-- loginPage -->
        <test-method status="PASS" signature="tearDown()[pri:0, instance:academy.HomePage@7fd50002]" name="tearDown" is-config="true" duration-ms="45" started-at="2021-10-05T18:41:56 IST" finished-at="2021-10-05T18:41:56 IST">
          <reporter-output>
          </reporter-output>
        </test-method> <!-- tearDown -->
      </class> <!-- academy.HomePage -->
    </test> <!-- Homapage Testing -->
  </suite> <!-- Suite -->
</testng-results>
