<?xml version="1.0" encoding="UTF-8"?>
<testng-results skipped="0" failed="1" ignored="0" total="4" passed="3">
  <reporter-output>
  </reporter-output>
  <suite name="Suite" duration-ms="32242" started-at="2021-10-03T07:30:57Z" finished-at="2021-10-03T07:31:29Z">
    <groups>
    </groups>
    <test name="Validating navigationbar" duration-ms="15073" started-at="2021-10-03T07:30:57Z" finished-at="2021-10-03T07:31:12Z">
      <class name="academy.ValidateNavigationBar">
        <test-method status="PASS" signature="initialize()[pri:0, instance:academy.ValidateNavigationBar@723ca036]" name="initialize" is-config="true" duration-ms="14950" started-at="2021-10-03T07:30:57Z" finished-at="2021-10-03T07:31:12Z">
          <reporter-output>
          </reporter-output>
        </test-method> <!-- initialize -->
        <test-method status="PASS" signature="PageNavigationBar()[pri:0, instance:academy.ValidateNavigationBar@723ca036]" name="PageNavigationBar" duration-ms="54" started-at="2021-10-03T07:31:12Z" finished-at="2021-10-03T07:31:12Z">
          <reporter-output>
          </reporter-output>
        </test-method> <!-- PageNavigationBar -->
        <test-method status="PASS" signature="tearDown()[pri:0, instance:academy.ValidateNavigationBar@723ca036]" name="tearDown" is-config="true" duration-ms="58" started-at="2021-10-03T07:31:12Z" finished-at="2021-10-03T07:31:12Z">
          <reporter-output>
          </reporter-output>
        </test-method> <!-- tearDown -->
      </class> <!-- academy.ValidateNavigationBar -->
    </test> <!-- Validating navigationbar -->
    <test name="Validating Title" duration-ms="20157" started-at="2021-10-03T07:30:57Z" finished-at="2021-10-03T07:31:17Z">
      <class name="academy.ValidateTitle">
        <test-method status="PASS" signature="initialize()[pri:0, instance:academy.ValidateTitle@1040be71]" name="initialize" is-config="true" duration-ms="19554" started-at="2021-10-03T07:30:57Z" finished-at="2021-10-03T07:31:16Z">
          <reporter-output>
          </reporter-output>
        </test-method> <!-- initialize -->
        <test-method status="FAIL" signature="basePageNavigation()[pri:0, instance:academy.ValidateTitle@1040be71]" name="basePageNavigation" duration-ms="32" started-at="2021-10-03T07:31:16Z" finished-at="2021-10-03T07:31:16Z">
          <exception class="java.lang.AssertionError">
            <message>
              <![CDATA[expected [FEATURED COURSES1] but found [FEATURED COURSES]]]>
            </message>
            <full-stacktrace>
              <![CDATA[java.lang.AssertionError: expected [FEATURED COURSES1] but found [FEATURED COURSES]
at org.testng.Assert.fail(Assert.java:96)
at org.testng.Assert.failNotEquals(Assert.java:776)
at org.testng.Assert.assertEqualsImpl(Assert.java:137)
at org.testng.Assert.assertEquals(Assert.java:118)
at org.testng.Assert.assertEquals(Assert.java:453)
at org.testng.Assert.assertEquals(Assert.java:463)
at academy.ValidateTitle.basePageNavigation(ValidateTitle.java:40)
at sun.reflect.NativeMethodAccessorImpl.invoke0(Native Method)
at sun.reflect.NativeMethodAccessorImpl.invoke(Unknown Source)
at sun.reflect.DelegatingMethodAccessorImpl.invoke(Unknown Source)
at java.lang.reflect.Method.invoke(Unknown Source)
at org.testng.internal.MethodInvocationHelper.invokeMethod(MethodInvocationHelper.java:124)
at org.testng.internal.Invoker.invokeMethod(Invoker.java:583)
at org.testng.internal.Invoker.invokeTestMethod(Invoker.java:719)
at org.testng.internal.Invoker.invokeTestMethods(Invoker.java:989)
at org.testng.internal.TestMethodWorker.invokeTestMethods(TestMethodWorker.java:125)
at org.testng.internal.TestMethodWorker.run(TestMethodWorker.java:109)
at org.testng.TestRunner.privateRun(TestRunner.java:648)
at org.testng.TestRunner.run(TestRunner.java:505)
at org.testng.SuiteRunner.runTest(SuiteRunner.java:455)
at org.testng.SuiteRunner.access$000(SuiteRunner.java:40)
at org.testng.SuiteRunner$SuiteWorker.run(SuiteRunner.java:489)
at org.testng.internal.thread.ThreadUtil$1.call(ThreadUtil.java:52)
at java.util.concurrent.FutureTask.run(Unknown Source)
at java.util.concurrent.ThreadPoolExecutor.runWorker(Unknown Source)
at java.util.concurrent.ThreadPoolExecutor$Worker.run(Unknown Source)
at java.lang.Thread.run(Unknown Source)
]]>
            </full-stacktrace>
          </exception> <!-- java.lang.AssertionError -->
          <reporter-output>
          </reporter-output>
        </test-method> <!-- basePageNavigation -->
        <test-method status="PASS" signature="tearDown()[pri:0, instance:academy.ValidateTitle@1040be71]" name="tearDown" is-config="true" duration-ms="76" started-at="2021-10-03T07:31:17Z" finished-at="2021-10-03T07:31:17Z">
          <reporter-output>
          </reporter-output>
        </test-method> <!-- tearDown -->
      </class> <!-- academy.ValidateTitle -->
    </test> <!-- Validating Title -->
    <test name="Homapage Testing" duration-ms="32242" started-at="2021-10-03T07:30:57Z" finished-at="2021-10-03T07:31:29Z">
      <class name="academy.HomePage">
        <test-method status="PASS" signature="initialize()[pri:0, instance:academy.HomePage@6440112d]" name="initialize" is-config="true" duration-ms="19607" started-at="2021-10-03T07:30:57Z" finished-at="2021-10-03T07:31:16Z">
          <reporter-output>
          </reporter-output>
        </test-method> <!-- initialize -->
        <test-method status="PASS" signature="loginPage(java.lang.String, java.lang.String, java.lang.String)[pri:0, instance:academy.HomePage@6440112d]" name="loginPage" duration-ms="2642" started-at="2021-10-03T07:31:16Z" data-provider="getData" finished-at="2021-10-03T07:31:19Z">
          <params>
            <param index="0">
              <value>
                <![CDATA[a.com]]>
              </value>
            </param>
            <param index="1">
              <value>
                <![CDATA[12345]]>
              </value>
            </param>
            <param index="2">
              <value>
                <![CDATA[Restricted User 1]]>
              </value>
            </param>
          </params>
          <reporter-output>
          </reporter-output>
        </test-method> <!-- loginPage -->
        <test-method status="PASS" signature="tearDown()[pri:0, instance:academy.HomePage@6440112d]" name="tearDown" is-config="true" duration-ms="71" started-at="2021-10-03T07:31:19Z" finished-at="2021-10-03T07:31:19Z">
          <reporter-output>
          </reporter-output>
        </test-method> <!-- tearDown -->
        <test-method status="PASS" signature="initialize()[pri:0, instance:academy.HomePage@6440112d]" name="initialize" is-config="true" duration-ms="8767" started-at="2021-10-03T07:31:19Z" finished-at="2021-10-03T07:31:28Z">
          <reporter-output>
          </reporter-output>
        </test-method> <!-- initialize -->
        <test-method status="PASS" signature="loginPage(java.lang.String, java.lang.String, java.lang.String)[pri:0, instance:academy.HomePage@6440112d]" name="loginPage" duration-ms="1074" started-at="2021-10-03T07:31:28Z" data-provider="getData" finished-at="2021-10-03T07:31:29Z">
          <params>
            <param index="0">
              <value>
                <![CDATA[abc.com]]>
              </value>
            </param>
            <param index="1">
              <value>
                <![CDATA[12345234]]>
              </value>
            </param>
            <param index="2">
              <value>
                <![CDATA[Restricted User 2]]>
              </value>
            </param>
          </params>
          <reporter-output>
          </reporter-output>
        </test-method> <!-- loginPage -->
        <test-method status="PASS" signature="tearDown()[pri:0, instance:academy.HomePage@6440112d]" name="tearDown" is-config="true" duration-ms="61" started-at="2021-10-03T07:31:29Z" finished-at="2021-10-03T07:31:29Z">
          <reporter-output>
          </reporter-output>
        </test-method> <!-- tearDown -->
      </class> <!-- academy.HomePage -->
    </test> <!-- Homapage Testing -->
  </suite> <!-- Suite -->
</testng-results>
